============================= test session starts =============================
platform win32 -- Python 3.14.3, pytest-9.0.3, pluggy-1.6.0 -- C:\Python314\python.exe
cachedir: .pytest_cache
django: version: 5.2.13, settings: config.settings (from option)
metadata: {'Python': '3.14.3', 'Platform': 'Windows-2022Server-10.0.20348-SP0', 'Packages': {'pytest': '9.0.3', 'pluggy': '1.6.0'}, 'Plugins': {'anyio': '4.13.0', 'Faker': '40.13.0', 'asyncio': '1.3.0', 'django': '4.12.0', 'json-report': '1.5.0', 'metadata': '3.1.1', 'xdist': '3.8.0'}}
rootdir: C:\Users\Administrator\Documents\crm_sintel
configfile: pyproject.toml
plugins: anyio-4.13.0, Faker-40.13.0, asyncio-1.3.0, django-4.12.0, json-report-1.5.0, metadata-3.1.1, xdist-3.8.0
asyncio: mode=Mode.STRICT, debug=False, asyncio_default_fixture_loop_scope=None, asyncio_default_test_loop_scope=function
collecting ... collected 1 item

apps/tenant/contabilidad/tests/test_api_contabilidad.py::AsientoContableViewSetTests::test_create_asiento FAILED [100%]

================================== FAILURES ===================================
_______________ AsientoContableViewSetTests.test_create_asiento _______________
apps\tenant\contabilidad\tests\test_api_contabilidad.py:145: in test_create_asiento
    self.assertEqual(response.status_code, status.HTTP_201_CREATED)
E   AssertionError: 500 != 201
---------------------------- Captured stdout setup ----------------------------

[contabilidad.0007] Retenciones migradas: 0
---------------------------- Captured stderr setup ----------------------------
Creating test database for alias 'default'...

---------------------------- Captured stderr call -----------------------------
[INFO] apps.public.tenants.middleware_urlconf: OK: TenantSecurityAndURLConfMiddleware inicializado | Public schema: public | Allowed public domains: ['0.0.0.0', '127.0.0.1', '186.117.247.166', '186.117.247.167', 'localhost', 'sintel.com', 'testserver']\n[INFO] apps.services.document_ingest.app_router: app_parser_registered\n[INFO] apps.services.document_ingest.app_router: app_parser_registered\n[INFO] apps.services.document_ingest.app_router: app_parser_registered\n[INFO] apps.services.document_parser.register_parsers: Parsers de cotizaciones registrados correctamente\n[INFO] apps.services.document_ingest.app_router: app_parser_registered\n[INFO] apps.services.document_ingest.app_router: app_parser_registered\n[INFO] apps.services.document_ingest.app_router: app_parser_registered\n[INFO] apps.services.document_ingest.app_router: app_parser_registered\n[INFO] apps.services.document_parser.register_parsers: Parsers de facturas registrados correctamente\n[INFO] apps.services.document_ingest.validations: validator_registered_cotizaciones_override\n[INFO] config.api_urls: OK: URLs de contabilidad registradas correctamente: /api/v1/contabilidad/\n[INFO] config.api_urls: OK: URLs de inventario registradas correctamente: /api/v1/inventario/\n[INFO] config.api_urls:    - Categor\xedas: GET /api/v1/inventario/categorias/ (DataTables client-side)\n[INFO] config.api_urls:    - Productos: GET /api/v1/inventario/productos/ (Tabulator v2.40)\n[INFO] config.api_urls:    - Servicios: GET /api/v1/inventario/servicios/ (Tabulator v2.40)\n[INFO] config.api_urls:    - Activos: GET /api/v1/inventario/activos/ (Tabulator v2.40)\n[INFO] config.api_urls:    - Movimientos: GET /api/v1/inventario/movimientos/ (Tabulator v2.40)\n[INFO] apps.tenant.empleados.api.urls: OK: URLs de empleados configuradas correctamente\n[INFO] apps.tenant.empleados.api.urls: \U0001f4cb URLs generadas: 38 patrones\n[INFO] apps.tenant.empleados.api.urls:    - ^contratos/$ -> contrato-list\n[INFO] apps.tenant.empleados.api.urls:    - ^contratos\\.(?P<format>[a-z0-9]+)/?$ -> contrato-list\n[INFO] apps.tenant.empleados.api.urls:    - ^contratos/render-offcanvas/crear/$ -> contrato-render-offcanvas-crear\n[INFO] apps.tenant.empleados.api.urls:    - ^contratos/render-offcanvas/crear\\.(?P<format>[a-z0-9]+)/?$ -> contrato-render-offcanvas-crear\n[INFO] apps.tenant.empleados.api.urls:    - ^contratos/(?P<uuid>[^/.]+)/$ -> contrato-detail\n[INFO] apps.tenant.empleados.api.urls:    - ^contratos/(?P<uuid>[^/.]+)\\.(?P<format>[a-z0-9]+)/?$ -> contrato-detail\n[INFO] apps.tenant.empleados.api.urls:    - ^contratos/(?P<uuid>[^/.]+)/cancelar/$ -> contrato-cancelar\n[INFO] apps.tenant.empleados.api.urls:    - ^contratos/(?P<uuid>[^/.]+)/cancelar\\.(?P<format>[a-z0-9]+)/?$ -> contrato-cancelar\n[INFO] apps.tenant.empleados.api.urls:    - ^contratos/(?P<uuid>[^/.]+)/render-offcanvas/detalle/$ -> contrato-render-offcanvas-detalle\n[INFO] apps.tenant.empleados.api.urls:    - ^contratos/(?P<uuid>[^/.]+)/render-offcanvas/detalle\\.(?P<format>[a-z0-9]+)/?$ -> contrato-render-offcanvas-detalle\n[INFO] apps.tenant.empleados.api.urls:    - ^contratos/(?P<uuid>[^/.]+)/render-offcanvas/editar/$ -> contrato-render-offcanvas-editar\n[INFO] apps.tenant.empleados.api.urls:    - ^contratos/(?P<uuid>[^/.]+)/render-offcanvas/editar\\.(?P<format>[a-z0-9]+)/?$ -> contrato-render-offcanvas-editar\n[INFO] apps.tenant.empleados.api.urls:    - ^devengos/$ -> devengo-list\n[INFO] apps.tenant.empleados.api.urls:    - ^devengos\\.(?P<format>[a-z0-9]+)/?$ -> devengo-list\n[INFO] apps.tenant.empleados.api.urls:    - ^devengos/preview-calculo/$ -> devengo-preview-calculo\n[INFO] apps.tenant.empleados.api.urls:    - ^devengos/preview-calculo\\.(?P<format>[a-z0-9]+)/?$ -> devengo-preview-calculo\n[INFO] apps.tenant.empleados.api.urls:    - ^devengos/previsualizar/$ -> devengo-previsualizar\n[INFO] apps.tenant.empleados.api.urls:    - ^devengos/previsualizar\\.(?P<format>[a-z0-9]+)/?$ -> devengo-previsualizar\n[INFO] apps.tenant.empleados.api.urls:    - ^devengos/ultima-nomina/$ -> devengo-ultima-nomina\n[INFO] apps.tenant.empleados.api.urls:    - ^devengos/ultima-nomina\\.(?P<format>[a-z0-9]+)/?$ -> devengo-ultima-nomina\n[INFO] apps.tenant.empleados.api.urls:    - ^devengos/(?P<uuid>[^/.]+)/$ -> devengo-detail\n[INFO] apps.tenant.empleados.api.urls:    - ^devengos/(?P<uuid>[^/.]+)\\.(?P<format>[a-z0-9]+)/?$ -> devengo-detail\n[INFO] apps.tenant.empleados.api.urls:    - ^devengos/(?P<uuid>[^/.]+)/anular/$ -> devengo-anular\n[INFO] apps.tenant.empleados.api.urls:    - ^devengos/(?P<uuid>[^/.]+)/anular\\.(?P<format>[a-z0-9]+)/?$ -> devengo-anular\n[INFO] apps.tenant.empleados.api.urls:    - ^$ -> empleado-list\n[INFO] apps.tenant.empleados.api.urls:    - ^\\.(?P<format>[a-z0-9]+)/?$ -> empleado-list\n[INFO] apps.tenant.empleados.api.urls:    - ^gestor-offcanvas/$ -> empleado-gestor-offcanvas\n[INFO] apps.tenant.empleados.api.urls:    - ^gestor-offcanvas\\.(?P<format>[a-z0-9]+)/?$ -> empleado-gestor-offcanvas\n[INFO] apps.tenant.empleados.api.urls:    - ^summary/$ -> empleado-summary\n[INFO] apps.tenant.empleados.api.urls:    - ^summary\\.(?P<format>[a-z0-9]+)/?$ -> empleado-summary\n[INFO] apps.tenant.empleados.api.urls:    - ^(?P<uuid>[^/.]+)/$ -> empleado-detail\n[INFO] apps.tenant.empleados.api.urls:    - ^(?P<uuid>[^/.]+)\\.(?P<format>[a-z0-9]+)/?$ -> empleado-detail\n[INFO] apps.tenant.empleados.api.urls:    - ^(?P<uuid>[^/.]+)/contrato-disponible/$ -> empleado-contrato-disponible\n[INFO] apps.tenant.empleados.api.urls:    - ^(?P<uuid>[^/.]+)/contrato-disponible\\.(?P<format>[a-z0-9]+)/?$ -> empleado-contrato-disponible\n[INFO] apps.tenant.empleados.api.urls:    - ^(?P<uuid>[^/.]+)/historial-nominas/$ -> empleado-historial-nominas\n[INFO] apps.tenant.empleados.api.urls:    - ^(?P<uuid>[^/.]+)/historial-nominas\\.(?P<format>[a-z0-9]+)/?$ -> empleado-historial-nominas\n[INFO] apps.tenant.empleados.api.urls:    -  -> api-root\n[INFO] apps.tenant.empleados.api.urls:    - <drf_format_suffix:format> -> api-root\n[INFO] apps.tenant.gastos.api.urls: OK: GastoViewSet registrado correctamente en router con basename='gastos'\n[INFO] apps.tenant.proveedores.api.urls: OK: ProveedorViewSet registrado correctamente. URLs generadas: 14\n[INFO] apps.tenant.proveedores.api.urls:    - ^$ -> proveedor-list\n[INFO] apps.tenant.proveedores.api.urls:    - ^\\.(?P<format>[a-z0-9]+)/?$ -> proveedor-list\n[INFO] apps.tenant.proveedores.api.urls:    - ^gestor-offcanvas/$ -> proveedor-gestor-offcanvas\n[INFO] apps.tenant.proveedores.api.urls:    - ^gestor-offcanvas\\.(?P<format>[a-z0-9]+)/?$ -> proveedor-gestor-offcanvas\n[INFO] apps.tenant.proveedores.api.urls:    - ^render-offcanvas/crear/$ -> proveedor-render-offcanvas-crear\n[INFO] apps.tenant.proveedores.api.urls:    - ^render-offcanvas/crear\\.(?P<format>[a-z0-9]+)/?$ -> proveedor-render-offcanvas-crear\n[INFO] apps.tenant.proveedores.api.urls:    - ^render-offcanvas/detalle/$ -> proveedor-render-offcanvas-detalle\n[INFO] apps.tenant.proveedores.api.urls:    - ^render-offcanvas/detalle\\.(?P<format>[a-z0-9]+)/?$ -> proveedor-render-offcanvas-detalle\n[INFO] apps.tenant.proveedores.api.urls:    - ^render-offcanvas/editar/$ -> proveedor-render-offcanvas-editar\n[INFO] apps.tenant.proveedores.api.urls:    - ^render-offcanvas/editar\\.(?P<format>[a-z0-9]+)/?$ -> proveedor-render-offcanvas-editar\n[INFO] apps.tenant.proveedores.api.urls:    - ^(?P<uuid>[^/.]+)/$ -> proveedor-detail\n[INFO] apps.tenant.proveedores.api.urls:    - ^(?P<uuid>[^/.]+)\\.(?P<format>[a-z0-9]+)/?$ -> proveedor-detail\n[INFO] apps.tenant.proveedores.api.urls:    -  -> api-root\n[INFO] apps.tenant.proveedores.api.urls:    - <drf_format_suffix:format> -> api-root\n[INFO] apps.tenant.clientes.api.urls: [OK] ClienteViewSet registrado correctamente. URLs generadas: 26\n[INFO] apps.tenant.proyectos.api.urls: [OK] ProyectoViewSet (v3.3) registrado correctamente. URLs generadas: 10\n[INFO] config.api_urls: OK: URLs de empleados registradas correctamente: /api/v1/empleados/\n[INFO] config.api_urls: OK: URLs de gastos registradas correctamente: /api/v1/gastos/\n[INFO] config.api_urls: OK: URLs de resoluciones-dian registradas correctamente: /api/v1/resoluciones-dian/\n[INFO] config.api_urls: OK: URLs de proveedores registradas correctamente: /api/v1/proveedores/\n[INFO] config.api_urls: OK: URLs de clientes registradas correctamente: /api/v1/clientes/\n[INFO] config.api_urls: OK: URLs API de cotizaciones registradas correctamente: /api/v1/cotizaciones/\n[INFO] config.api_urls: OK: URLs de proyectos registradas correctamente: /api/v1/proyectos/\n[ERROR] apps.tenant.api.mixins: [DSV:Error] TypeError: AsientoContable() got unexpected keyword arguments: 'factura_id'\nTraceback (most recent call last):\n  File "C:\\Users\\Administrator\\Documents\\crm_sintel\\apps\\tenant\\contabilidad\\api\\viewsets.py", line 296, in create\n    resultado = self.service.crear_asiento(empresa_id, payload)\n  File "C:\\Python314\\Lib\\contextlib.py", line 85, in inner\n    return func(*args, **kwds)\n  File "C:\\Users\\Administrator\\Documents\\crm_sintel\\apps\\tenant\\contabilidad\\services\\business_service.py", line 103, in crear_asiento\n    asiento = self.crud.crear_asiento(empresa_id, payload, movimientos)\n  File "C:\\Python314\\Lib\\contextlib.py", line 85, in inner\n    return func(*args, **kwds)\n  File "C:\\Users\\Administrator\\Documents\\crm_sintel\\apps\\tenant\\contabilidad\\services\\crud_service.py", line 31, in crear_asiento\n    asiento = AsientoContable.objects.create(\n        empresa_id=empresa_id,\n    ...<6 lines>...\n        factura_id=data.get('factura_id')\n    )\n  File "C:\\Python314\\Lib\\site-packages\\django\\db\\models\\manager.py", line 87, in manager_method\n    return getattr(self.get_queryset(), name)(*args, **kwargs)\n           ~~~~~~~~~~~~~~~~~~~~~~~~~~~~~~~~~~^^^^^^^^^^^^^^^^^\n  File "C:\\Python314\\Lib\\site-packages\\django\\db\\models\\query.py", line 663, in create\n    obj = self.model(**kwargs)\n  File "C:\\Python314\\Lib\\site-packages\\django\\db\\models\\base.py", line 569, in __init__\n    raise TypeError(\n    ...<2 lines>...\n    )\nTypeError: AsientoContable() got unexpected keyword arguments: 'factura_id'\n[ERROR] django.request: Internal Server Error: /api/v1/contabilidad/asientos-contables/
------------------------------ Captured log call ------------------------------
INFO     apps.public.tenants.middleware_urlconf:middleware_urlconf.py:76 OK: TenantSecurityAndURLConfMiddleware inicializado | Public schema: public | Allowed public domains: ['0.0.0.0', '127.0.0.1', '186.117.247.166', '186.117.247.167', 'localhost', 'sintel.com', 'testserver']\nINFO     apps.services.document_ingest.app_router:app_router.py:38 app_parser_registered\nINFO     apps.services.document_ingest.app_router:app_router.py:38 app_parser_registered\nINFO     apps.services.document_ingest.app_router:app_router.py:38 app_parser_registered\nINFO     apps.services.document_parser.register_parsers:register_parsers.py:28 Parsers de cotizaciones registrados correctamente\nINFO     apps.services.document_ingest.app_router:app_router.py:38 app_parser_registered\nINFO     apps.services.document_ingest.app_router:app_router.py:38 app_parser_registered\nINFO     apps.services.document_ingest.app_router:app_router.py:38 app_parser_registered\nINFO     apps.services.document_ingest.app_router:app_router.py:38 app_parser_registered\nINFO     apps.services.document_parser.register_parsers:register_parsers.py:42 Parsers de facturas registrados correctamente\nINFO     apps.services.document_ingest.validations:router.py:58 validator_registered_cotizaciones_override\nINFO     config.api_urls:api_urls.py:81 OK: URLs de contabilidad registradas correctamente: /api/v1/contabilidad/\nINFO     config.api_urls:api_urls.py:92 OK: URLs de inventario registradas correctamente: /api/v1/inventario/\nINFO     config.api_urls:api_urls.py:93    - Categor\xedas: GET /api/v1/inventario/categorias/ (DataTables client-side)\nINFO     config.api_urls:api_urls.py:94    - Productos: GET /api/v1/inventario/productos/ (Tabulator v2.40)\nINFO     config.api_urls:api_urls.py:95    - Servicios: GET /api/v1/inventario/servicios/ (Tabulator v2.40)\nINFO     config.api_urls:api_urls.py:96    - Activos: GET /api/v1/inventario/activos/ (Tabulator v2.40)\nINFO     config.api_urls:api_urls.py:97    - Movimientos: GET /api/v1/inventario/movimientos/ (Tabulator v2.40)\nINFO     apps.tenant.empleados.api.urls:urls.py:35 OK: URLs de empleados configuradas correctamente\nINFO     apps.tenant.empleados.api.urls:urls.py:37 \U0001f4cb URLs generadas: 38 patrones\nINFO     apps.tenant.empleados.api.urls:urls.py:41    - ^contratos/$ -> contrato-list\nINFO     apps.tenant.empleados.api.urls:urls.py:41    - ^contratos\\.(?P<format>[a-z0-9]+)/?$ -> contrato-list\nINFO     apps.tenant.empleados.api.urls:urls.py:41    - ^contratos/render-offcanvas/crear/$ -> contrato-render-offcanvas-crear\nINFO     apps.tenant.empleados.api.urls:urls.py:41    - ^contratos/render-offcanvas/crear\\.(?P<format>[a-z0-9]+)/?$ -> contrato-render-offcanvas-crear\nINFO     apps.tenant.empleados.api.urls:urls.py:41    - ^contratos/(?P<uuid>[^/.]+)/$ -> contrato-detail\nINFO     apps.tenant.empleados.api.urls:urls.py:41    - ^contratos/(?P<uuid>[^/.]+)\\.(?P<format>[a-z0-9]+)/?$ -> contrato-detail\nINFO     apps.tenant.empleados.api.urls:urls.py:41    - ^contratos/(?P<uuid>[^/.]+)/cancelar/$ -> contrato-cancelar\nINFO     apps.tenant.empleados.api.urls:urls.py:41    - ^contratos/(?P<uuid>[^/.]+)/cancelar\\.(?P<format>[a-z0-9]+)/?$ -> contrato-cancelar\nINFO     apps.tenant.empleados.api.urls:urls.py:41    - ^contratos/(?P<uuid>[^/.]+)/render-offcanvas/detalle/$ -> contrato-render-offcanvas-detalle\nINFO     apps.tenant.empleados.api.urls:urls.py:41    - ^contratos/(?P<uuid>[^/.]+)/render-offcanvas/detalle\\.(?P<format>[a-z0-9]+)/?$ -> contrato-render-offcanvas-detalle\nINFO     apps.tenant.empleados.api.urls:urls.py:41    - ^contratos/(?P<uuid>[^/.]+)/render-offcanvas/editar/$ -> contrato-render-offcanvas-editar\nINFO     apps.tenant.empleados.api.urls:urls.py:41    - ^contratos/(?P<uuid>[^/.]+)/render-offcanvas/editar\\.(?P<format>[a-z0-9]+)/?$ -> contrato-render-offcanvas-editar\nINFO     apps.tenant.empleados.api.urls:urls.py:41    - ^devengos/$ -> devengo-list\nINFO     apps.tenant.empleados.api.urls:urls.py:41    - ^devengos\\.(?P<format>[a-z0-9]+)/?$ -> devengo-list\nINFO     apps.tenant.empleados.api.urls:urls.py:41    - ^devengos/preview-calculo/$ -> devengo-preview-calculo\nINFO     apps.tenant.empleados.api.urls:urls.py:41    - ^devengos/preview-calculo\\.(?P<format>[a-z0-9]+)/?$ -> devengo-preview-calculo\nINFO     apps.tenant.empleados.api.urls:urls.py:41    - ^devengos/previsualizar/$ -> devengo-previsualizar\nINFO     apps.tenant.empleados.api.urls:urls.py:41    - ^devengos/previsualizar\\.(?P<format>[a-z0-9]+)/?$ -> devengo-previsualizar\nINFO     apps.tenant.empleados.api.urls:urls.py:41    - ^devengos/ultima-nomina/$ -> devengo-ultima-nomina\nINFO     apps.tenant.empleados.api.urls:urls.py:41    - ^devengos/ultima-nomina\\.(?P<format>[a-z0-9]+)/?$ -> devengo-ultima-nomina\nINFO     apps.tenant.empleados.api.urls:urls.py:41    - ^devengos/(?P<uuid>[^/.]+)/$ -> devengo-detail\nINFO     apps.tenant.empleados.api.urls:urls.py:41    - ^devengos/(?P<uuid>[^/.]+)\\.(?P<format>[a-z0-9]+)/?$ -> devengo-detail\nINFO     apps.tenant.empleados.api.urls:urls.py:41    - ^devengos/(?P<uuid>[^/.]+)/anular/$ -> devengo-anular\nINFO     apps.tenant.empleados.api.urls:urls.py:41    - ^devengos/(?P<uuid>[^/.]+)/anular\\.(?P<format>[a-z0-9]+)/?$ -> devengo-anular\nINFO     apps.tenant.empleados.api.urls:urls.py:41    - ^$ -> empleado-list\nINFO     apps.tenant.empleados.api.urls:urls.py:41    - ^\\.(?P<format>[a-z0-9]+)/?$ -> empleado-list\nINFO     apps.tenant.empleados.api.urls:urls.py:41    - ^gestor-offcanvas/$ -> empleado-gestor-offcanvas\nINFO     apps.tenant.empleados.api.urls:urls.py:41    - ^gestor-offcanvas\\.(?P<format>[a-z0-9]+)/?$ -> empleado-gestor-offcanvas\nINFO     apps.tenant.empleados.api.urls:urls.py:41    - ^summary/$ -> empleado-summary\nINFO     apps.tenant.empleados.api.urls:urls.py:41    - ^summary\\.(?P<format>[a-z0-9]+)/?$ -> empleado-summary\nINFO     apps.tenant.empleados.api.urls:urls.py:41    - ^(?P<uuid>[^/.]+)/$ -> empleado-detail\nINFO     apps.tenant.empleados.api.urls:urls.py:41    - ^(?P<uuid>[^/.]+)\\.(?P<format>[a-z0-9]+)/?$ -> empleado-detail\nINFO     apps.tenant.empleados.api.urls:urls.py:41    - ^(?P<uuid>[^/.]+)/contrato-disponible/$ -> empleado-contrato-disponible\nINFO     apps.tenant.empleados.api.urls:urls.py:41    - ^(?P<uuid>[^/.]+)/contrato-disponible\\.(?P<format>[a-z0-9]+)/?$ -> empleado-contrato-disponible\nINFO     apps.tenant.empleados.api.urls:urls.py:41    - ^(?P<uuid>[^/.]+)/historial-nominas/$ -> empleado-historial-nominas\nINFO     apps.tenant.empleados.api.urls:urls.py:41    - ^(?P<uuid>[^/.]+)/historial-nominas\\.(?P<format>[a-z0-9]+)/?$ -> empleado-historial-nominas\nINFO     apps.tenant.empleados.api.urls:urls.py:41    -  -> api-root\nINFO     apps.tenant.empleados.api.urls:urls.py:41    - <drf_format_suffix:format> -> api-root\nINFO     apps.tenant.gastos.api.urls:urls.py:32 OK: GastoViewSet registrado correctamente en router con basename='gastos'\nINFO     apps.tenant.proveedores.api.urls:urls.py:24 OK: ProveedorViewSet registrado correctamente. URLs generadas: 14\nINFO     apps.tenant.proveedores.api.urls:urls.py:26    - ^$ -> proveedor-list\nINFO     apps.tenant.proveedores.api.urls:urls.py:26    - ^\\.(?P<format>[a-z0-9]+)/?$ -> proveedor-list\nINFO     apps.tenant.proveedores.api.urls:urls.py:26    - ^gestor-offcanvas/$ -> proveedor-gestor-offcanvas\nINFO     apps.tenant.proveedores.api.urls:urls.py:26    - ^gestor-offcanvas\\.(?P<format>[a-z0-9]+)/?$ -> proveedor-gestor-offcanvas\nINFO     apps.tenant.proveedores.api.urls:urls.py:26    - ^render-offcanvas/crear/$ -> proveedor-render-offcanvas-crear\nINFO     apps.tenant.proveedores.api.urls:urls.py:26    - ^render-offcanvas/crear\\.(?P<format>[a-z0-9]+)/?$ -> proveedor-render-offcanvas-crear\nINFO     apps.tenant.proveedores.api.urls:urls.py:26    - ^render-offcanvas/detalle/$ -> proveedor-render-offcanvas-detalle\nINFO     apps.tenant.proveedores.api.urls:urls.py:26    - ^render-offcanvas/detalle\\.(?P<format>[a-z0-9]+)/?$ -> proveedor-render-offcanvas-detalle\nINFO     apps.tenant.proveedores.api.urls:urls.py:26    - ^render-offcanvas/editar/$ -> proveedor-render-offcanvas-editar\nINFO     apps.tenant.proveedores.api.urls:urls.py:26    - ^render-offcanvas/editar\\.(?P<format>[a-z0-9]+)/?$ -> proveedor-render-offcanvas-editar\nINFO     apps.tenant.proveedores.api.urls:urls.py:26    - ^(?P<uuid>[^/.]+)/$ -> proveedor-detail\nINFO     apps.tenant.proveedores.api.urls:urls.py:26    - ^(?P<uuid>[^/.]+)\\.(?P<format>[a-z0-9]+)/?$ -> proveedor-detail\nINFO     apps.tenant.proveedores.api.urls:urls.py:26    -  -> api-root\nINFO     apps.tenant.proveedores.api.urls:urls.py:26    - <drf_format_suffix:format> -> api-root\nINFO     apps.tenant.clientes.api.urls:urls.py:40 [OK] ClienteViewSet registrado correctamente. URLs generadas: 26\nINFO     apps.tenant.proyectos.api.urls:urls.py:27 [OK] ProyectoViewSet (v3.3) registrado correctamente. URLs generadas: 10\nINFO     config.api_urls:api_urls.py:120 OK: URLs de empleados registradas correctamente: /api/v1/empleados/\nINFO     config.api_urls:api_urls.py:128 OK: URLs de gastos registradas correctamente: /api/v1/gastos/\nINFO     config.api_urls:api_urls.py:142 OK: URLs de resoluciones-dian registradas correctamente: /api/v1/resoluciones-dian/\nINFO     config.api_urls:api_urls.py:150 OK: URLs de proveedores registradas correctamente: /api/v1/proveedores/\nINFO     config.api_urls:api_urls.py:158 OK: URLs de clientes registradas correctamente: /api/v1/clientes/\nINFO     config.api_urls:api_urls.py:168 OK: URLs API de cotizaciones registradas correctamente: /api/v1/cotizaciones/\nINFO     config.api_urls:api_urls.py:176 OK: URLs de proyectos registradas correctamente: /api/v1/proyectos/\nERROR    apps.tenant.api.mixins:mixins.py:55 [DSV:Error] TypeError: AsientoContable() got unexpected keyword arguments: 'factura_id'\nTraceback (most recent call last):\n  File "C:\\Users\\Administrator\\Documents\\crm_sintel\\apps\\tenant\\contabilidad\\api\\viewsets.py", line 296, in create\n    resultado = self.service.crear_asiento(empresa_id, payload)\n  File "C:\\Python314\\Lib\\contextlib.py", line 85, in inner\n    return func(*args, **kwds)\n  File "C:\\Users\\Administrator\\Documents\\crm_sintel\\apps\\tenant\\contabilidad\\services\\business_service.py", line 103, in crear_asiento\n    asiento = self.crud.crear_asiento(empresa_id, payload, movimientos)\n  File "C:\\Python314\\Lib\\contextlib.py", line 85, in inner\n    return func(*args, **kwds)\n  File "C:\\Users\\Administrator\\Documents\\crm_sintel\\apps\\tenant\\contabilidad\\services\\crud_service.py", line 31, in crear_asiento\n    asiento = AsientoContable.objects.create(\n        empresa_id=empresa_id,\n    ...<6 lines>...\n        factura_id=data.get('factura_id')\n    )\n  File "C:\\Python314\\Lib\\site-packages\\django\\db\\models\\manager.py", line 87, in manager_method\n    return getattr(self.get_queryset(), name)(*args, **kwargs)\n           ~~~~~~~~~~~~~~~~~~~~~~~~~~~~~~~~~~^^^^^^^^^^^^^^^^^\n  File "C:\\Python314\\Lib\\site-packages\\django\\db\\models\\query.py", line 663, in create\n    obj = self.model(**kwargs)\n  File "C:\\Python314\\Lib\\site-packages\\django\\db\\models\\base.py", line 569, in __init__\n    raise TypeError(\n    ...<2 lines>...\n    )\nTypeError: AsientoContable() got unexpected keyword arguments: 'factura_id'
-------------------------- Captured stderr teardown ---------------------------
[WARNING] apps.public.tenants.models: ELIMINANDO TENANT: test () - Esto borrara el esquema PostgreSQL y todos sus datos de forma permanente.
Destroying test database for alias 'default'...

---------------------------- Captured log teardown ----------------------------
WARNING  apps.public.tenants.models:models.py:97 ELIMINANDO TENANT: test () - Esto borrara el esquema PostgreSQL y todos sus datos de forma permanente.
============================== warnings summary ===============================
config\settings.py:713
  C:\Users\Administrator\Documents\crm_sintel\config\settings.py:713: UserWarning: WARNING: JWT_SECRET_KEY no configurada. Generada automßticamente para desarrollo. En producci≤n, configura JWT_SECRET_KEY en variables de entorno.
    warnings.warn(

-- Docs: https://docs.pytest.org/en/stable/how-to/capture-warnings.html
=========================== short test summary info ===========================
FAILED apps/tenant/contabilidad/tests/test_api_contabilidad.py::AsientoContableViewSetTests::test_create_asiento
======================== 1 failed, 1 warning in 36.76s ========================
